<?xml version="1.0" encoding="UTF-8"?>
<!-- Generated by org.testng.reporters.JUnitXMLReporter -->
<testsuite hostname="DESKTOP-A5GCHAB" ignored="0" name="Default test" tests="4" failures="0" timestamp="11 Nov 2019 03:29:25 GMT" time="108.887" errors="0">
  <testcase name="validateTitleTest" time="0.063" classname="com.Myntra.qa.testcases.HomePageTest"/>
  <testcase name="ValidateMyntarLogoTest" time="0.157" classname="com.Myntra.qa.testcases.HomePageTest"/>
  <testcase name="verifyCorrectUserNameTest" time="2.843" classname="com.Myntra.qa.testcases.HomePageTest"/>
  <testcase name="logOutTest" time="0.309" classname="com.Myntra.qa.testcases.HomePageTest"/>
</testsuite> <!-- Default test -->
