<?xml version="1.0" encoding="UTF-8"?>
<testng-results skipped="0" failed="0" ignored="0" total="1" passed="1">
  <reporter-output>
  </reporter-output>
  <suite name="Suite" duration-ms="29957" started-at="2020-01-18T16:07:53Z" finished-at="2020-01-18T16:08:23Z">
    <groups>
    </groups>
    <test name="Test" duration-ms="29957" started-at="2020-01-18T16:07:53Z" finished-at="2020-01-18T16:08:23Z">
      <class name="filpkart.LogipageTest">
        <test-method status="PASS" signature="beforeSuite()[pri:0, instance:filpkart.LogipageTest@598067a5]" name="beforeSuite" is-config="true" duration-ms="448" started-at="2020-01-18T16:07:52Z" finished-at="2020-01-18T16:07:53Z">
          <reporter-output>
          </reporter-output>
        </test-method> <!-- beforeSuite -->
        <test-method status="PASS" signature="setUp()[pri:0, instance:filpkart.LogipageTest@598067a5]" name="setUp" is-config="true" duration-ms="27581" started-at="2020-01-18T16:07:53Z" finished-at="2020-01-18T16:08:20Z">
          <reporter-output>
          </reporter-output>
        </test-method> <!-- setUp -->
        <test-method status="PASS" signature="loginPageTest()[pri:0, instance:filpkart.LogipageTest@598067a5]" name="loginPageTest" duration-ms="1261" started-at="2020-01-18T16:08:20Z" finished-at="2020-01-18T16:08:22Z">
          <reporter-output>
          </reporter-output>
        </test-method> <!-- loginPageTest -->
        <test-method status="PASS" signature="wrapUp()[pri:0, instance:filpkart.LogipageTest@598067a5]" name="wrapUp" is-config="true" duration-ms="1051" started-at="2020-01-18T16:08:22Z" finished-at="2020-01-18T16:08:23Z">
          <reporter-output>
          </reporter-output>
        </test-method> <!-- wrapUp -->
        <test-method status="PASS" signature="afterSuite()[pri:0, instance:filpkart.LogipageTest@598067a5]" name="afterSuite" is-config="true" duration-ms="2411" started-at="2020-01-18T16:08:23Z" finished-at="2020-01-18T16:08:25Z">
          <reporter-output>
          </reporter-output>
        </test-method> <!-- afterSuite -->
      </class> <!-- filpkart.LogipageTest -->
    </test> <!-- Test -->
  </suite> <!-- Suite -->
</testng-results>
