<?xml version="1.0" encoding="UTF-8"?>
<testng-results skipped="0" failed="0" ignored="0" total="4" passed="4">
  <reporter-output>
  </reporter-output>
  <suite name="Default suite" duration-ms="108887" started-at="2019-11-11T03:27:36Z" finished-at="2019-11-11T03:29:25Z">
    <groups>
    </groups>
    <test name="Default test" duration-ms="108887" started-at="2019-11-11T03:27:36Z" finished-at="2019-11-11T03:29:25Z">
      <class name="com.Myntra.qa.testcases.HomePageTest">
        <test-method status="PASS" signature="setUp()[pri:0, instance:com.Myntra.qa.testcases.HomePageTest@6093dd95]" name="setUp" is-config="true" duration-ms="32335" started-at="2019-11-11T08:57:36Z" finished-at="2019-11-11T08:58:08Z">
          <reporter-output>
          </reporter-output>
        </test-method> <!-- setUp -->
        <test-method status="PASS" signature="validateTitleTest()[pri:1, instance:com.Myntra.qa.testcases.HomePageTest@6093dd95]" name="validateTitleTest" duration-ms="63" started-at="2019-11-11T08:58:08Z" finished-at="2019-11-11T08:58:09Z">
          <reporter-output>
          </reporter-output>
        </test-method> <!-- validateTitleTest -->
        <test-method status="PASS" signature="tearDown()[pri:0, instance:com.Myntra.qa.testcases.HomePageTest@6093dd95]" name="tearDown" is-config="true" duration-ms="914" started-at="2019-11-11T08:58:09Z" finished-at="2019-11-11T08:58:09Z">
          <reporter-output>
          </reporter-output>
        </test-method> <!-- tearDown -->
        <test-method status="PASS" signature="setUp()[pri:0, instance:com.Myntra.qa.testcases.HomePageTest@6093dd95]" name="setUp" is-config="true" duration-ms="23387" started-at="2019-11-11T08:58:09Z" finished-at="2019-11-11T08:58:33Z">
          <reporter-output>
          </reporter-output>
        </test-method> <!-- setUp -->
        <test-method status="PASS" signature="ValidateMyntarLogoTest()[pri:2, instance:com.Myntra.qa.testcases.HomePageTest@6093dd95]" name="ValidateMyntarLogoTest" duration-ms="157" started-at="2019-11-11T08:58:33Z" finished-at="2019-11-11T08:58:33Z">
          <reporter-output>
          </reporter-output>
        </test-method> <!-- ValidateMyntarLogoTest -->
        <test-method status="PASS" signature="tearDown()[pri:0, instance:com.Myntra.qa.testcases.HomePageTest@6093dd95]" name="tearDown" is-config="true" duration-ms="786" started-at="2019-11-11T08:58:33Z" finished-at="2019-11-11T08:58:34Z">
          <reporter-output>
          </reporter-output>
        </test-method> <!-- tearDown -->
        <test-method status="PASS" signature="setUp()[pri:0, instance:com.Myntra.qa.testcases.HomePageTest@6093dd95]" name="setUp" is-config="true" duration-ms="24492" started-at="2019-11-11T08:58:34Z" finished-at="2019-11-11T08:58:58Z">
          <reporter-output>
          </reporter-output>
        </test-method> <!-- setUp -->
        <test-method status="PASS" signature="verifyCorrectUserNameTest()[pri:3, instance:com.Myntra.qa.testcases.HomePageTest@6093dd95]" name="verifyCorrectUserNameTest" duration-ms="2843" started-at="2019-11-11T08:58:58Z" finished-at="2019-11-11T08:59:01Z">
          <reporter-output>
          </reporter-output>
        </test-method> <!-- verifyCorrectUserNameTest -->
        <test-method status="PASS" signature="tearDown()[pri:0, instance:com.Myntra.qa.testcases.HomePageTest@6093dd95]" name="tearDown" is-config="true" duration-ms="809" started-at="2019-11-11T08:59:01Z" finished-at="2019-11-11T08:59:02Z">
          <reporter-output>
          </reporter-output>
        </test-method> <!-- tearDown -->
        <test-method status="PASS" signature="setUp()[pri:0, instance:com.Myntra.qa.testcases.HomePageTest@6093dd95]" name="setUp" is-config="true" duration-ms="21921" started-at="2019-11-11T08:59:02Z" finished-at="2019-11-11T08:59:24Z">
          <reporter-output>
          </reporter-output>
        </test-method> <!-- setUp -->
        <test-method status="PASS" signature="logOutTest()[pri:4, instance:com.Myntra.qa.testcases.HomePageTest@6093dd95]" name="logOutTest" duration-ms="309" started-at="2019-11-11T08:59:24Z" finished-at="2019-11-11T08:59:24Z">
          <reporter-output>
          </reporter-output>
        </test-method> <!-- logOutTest -->
        <test-method status="PASS" signature="tearDown()[pri:0, instance:com.Myntra.qa.testcases.HomePageTest@6093dd95]" name="tearDown" is-config="true" duration-ms="819" started-at="2019-11-11T08:59:24Z" finished-at="2019-11-11T08:59:25Z">
          <reporter-output>
          </reporter-output>
        </test-method> <!-- tearDown -->
      </class> <!-- com.Myntra.qa.testcases.HomePageTest -->
    </test> <!-- Default test -->
  </suite> <!-- Default suite -->
</testng-results>
